[18:31:26] [Server thread/INFO]: Starting minecraft server version 1.8.8
[18:31:26] [Server thread/INFO]: Loading properties
[18:31:27] [Server thread/INFO]: Default game type: SURVIVAL
[18:31:27] [Server thread/INFO]: This server is running CraftBukkit version git-Spigot-e4d4710-e1ebe52 (MC: 1.8.8) (Implementing API version 1.8.8-R0.1-SNAPSHOT)
[18:31:27] [Server thread/INFO]: Unable to find file banned-players.json, creating it.
[18:31:27] [Server thread/INFO]: Unable to find file banned-ips.json, creating it.
[18:31:27] [Server thread/INFO]: Unable to find file ops.json, creating it.
[18:31:27] [Server thread/INFO]: Unable to find file whitelist.json, creating it.
[18:31:27] [Server thread/INFO]: Debug logging is disabled
[18:31:27] [Server thread/INFO]: Server Ping Player Sample Count: 12
[18:31:27] [Server thread/INFO]: Using 4 threads for Netty based IO
[18:31:27] [Server thread/INFO]: Generating keypair
[18:31:28] [Server thread/INFO]: Starting Minecraft server on *:25565
[18:31:29] [Server thread/INFO]: Using default channel type
[18:31:32] [Server thread/WARN]: **** SERVER IS RUNNING IN OFFLINE/INSECURE MODE!
[18:31:32] [Server thread/WARN]: The server will make no attempt to authenticate usernames. Beware.
[18:31:32] [Server thread/WARN]: While this makes the game possible to play without internet access, it also opens up the ability for hackers to connect with any username they choose.
[18:31:32] [Server thread/WARN]: To change this, set "online-mode" to "true" in the server.properties file.
[18:31:32] [Server thread/INFO]: **** Beginning UUID conversion, this may take A LONG time ****
[18:31:32] [Server thread/INFO]: Preparing level "world"
[18:31:32] [Server thread/INFO]: -------- World Settings For [world] --------
[18:31:32] [Server thread/INFO]: Item Despawn Rate: 6000
[18:31:32] [Server thread/INFO]: Item Merge Radius: 2.5
[18:31:32] [Server thread/INFO]: Zombie Aggressive Towards Villager: true
[18:31:32] [Server thread/INFO]: Allow Zombie Pigmen to spawn from portal blocks: true
[18:31:32] [Server thread/INFO]: View Distance: 10
[18:31:32] [Server thread/INFO]: Arrow Despawn Rate: 1200
[18:31:32] [Server thread/INFO]: Nerfing mobs spawned from spawners: false
[18:31:32] [Server thread/INFO]: Entity Activation Range: An 32 / Mo 32 / Mi 16
[18:31:32] [Server thread/INFO]: Anti X-Ray: true
[18:31:32] [Server thread/INFO]: 	Engine Mode: 1
[18:31:32] [Server thread/INFO]: 	Hidden Blocks: [14, 15, 16, 21, 48, 49, 54, 56, 73, 74, 82, 129, 130]
[18:31:32] [Server thread/INFO]: 	Replace Blocks: [1, 5]
[18:31:32] [Server thread/INFO]: Cactus Growth Modifier: 100%
[18:31:32] [Server thread/INFO]: Cane Growth Modifier: 100%
[18:31:32] [Server thread/INFO]: Melon Growth Modifier: 100%
[18:31:32] [Server thread/INFO]: Mushroom Growth Modifier: 100%
[18:31:32] [Server thread/INFO]: Pumpkin Growth Modifier: 100%
[18:31:32] [Server thread/INFO]: Sapling Growth Modifier: 100%
[18:31:32] [Server thread/INFO]: Wheat Growth Modifier: 100%
[18:31:32] [Server thread/INFO]: NetherWart Growth Modifier: 100%
[18:31:32] [Server thread/INFO]: Entity Tracking Range: Pl 48 / An 48 / Mo 48 / Mi 32 / Other 64
[18:31:32] [Server thread/INFO]: Mob Spawn Range: 4
[18:31:32] [Server thread/INFO]: Hopper Transfer: 8 Hopper Check: 8 Hopper Amount: 1
[18:31:32] [Server thread/INFO]: Random Lighting Updates: false
[18:31:32] [Server thread/INFO]: Structure Info Saving: true
[18:31:32] [Server thread/INFO]: Tile Max Tick Time: 50ms Entity max Tick Time: 50ms
[18:31:32] [Server thread/INFO]: Sending up to 10 chunks per packet
[18:31:32] [Server thread/INFO]: Max TNT Explosions: 100
[18:31:32] [Server thread/INFO]: Custom Map Seeds:  Village: 10387312 Feature: 14357617
[18:31:32] [Server thread/INFO]: Max Entity Collisions: 8
[18:31:32] [Server thread/INFO]: Chunks to Grow per Tick: 650
[18:31:32] [Server thread/INFO]: Clear tick list: false
[18:31:32] [Server thread/INFO]: Experience Merge Radius: 3.0
[18:31:33] [Server thread/INFO]: -------- World Settings For [world_nether] --------
[18:31:33] [Server thread/INFO]: Item Despawn Rate: 6000
[18:31:33] [Server thread/INFO]: Item Merge Radius: 2.5
[18:31:33] [Server thread/INFO]: Zombie Aggressive Towards Villager: true
[18:31:33] [Server thread/INFO]: Allow Zombie Pigmen to spawn from portal blocks: true
[18:31:33] [Server thread/INFO]: View Distance: 10
[18:31:33] [Server thread/INFO]: Arrow Despawn Rate: 1200
[18:31:33] [Server thread/INFO]: Nerfing mobs spawned from spawners: false
[18:31:33] [Server thread/INFO]: Entity Activation Range: An 32 / Mo 32 / Mi 16
[18:31:33] [Server thread/INFO]: Anti X-Ray: true
[18:31:33] [Server thread/INFO]: 	Engine Mode: 1
[18:31:33] [Server thread/INFO]: 	Hidden Blocks: [14, 15, 16, 21, 48, 49, 54, 56, 73, 74, 82, 129, 130]
[18:31:33] [Server thread/INFO]: 	Replace Blocks: [1, 5]
[18:31:33] [Server thread/INFO]: Cactus Growth Modifier: 100%
[18:31:33] [Server thread/INFO]: Cane Growth Modifier: 100%
[18:31:33] [Server thread/INFO]: Melon Growth Modifier: 100%
[18:31:33] [Server thread/INFO]: Mushroom Growth Modifier: 100%
[18:31:33] [Server thread/INFO]: Pumpkin Growth Modifier: 100%
[18:31:33] [Server thread/INFO]: Sapling Growth Modifier: 100%
[18:31:33] [Server thread/INFO]: Wheat Growth Modifier: 100%
[18:31:33] [Server thread/INFO]: NetherWart Growth Modifier: 100%
[18:31:33] [Server thread/INFO]: Entity Tracking Range: Pl 48 / An 48 / Mo 48 / Mi 32 / Other 64
[18:31:33] [Server thread/INFO]: Mob Spawn Range: 4
[18:31:33] [Server thread/INFO]: Hopper Transfer: 8 Hopper Check: 8 Hopper Amount: 1
[18:31:33] [Server thread/INFO]: Random Lighting Updates: false
[18:31:33] [Server thread/INFO]: Structure Info Saving: true
[18:31:33] [Server thread/INFO]: Tile Max Tick Time: 50ms Entity max Tick Time: 50ms
[18:31:33] [Server thread/INFO]: Sending up to 10 chunks per packet
[18:31:33] [Server thread/INFO]: Max TNT Explosions: 100
[18:31:33] [Server thread/INFO]: Custom Map Seeds:  Village: 10387312 Feature: 14357617
[18:31:33] [Server thread/INFO]: Max Entity Collisions: 8
[18:31:33] [Server thread/INFO]: Chunks to Grow per Tick: 650
[18:31:33] [Server thread/INFO]: Clear tick list: false
[18:31:33] [Server thread/INFO]: Experience Merge Radius: 3.0
[18:31:33] [Server thread/INFO]: -------- World Settings For [world_the_end] --------
[18:31:33] [Server thread/INFO]: Item Despawn Rate: 6000
[18:31:33] [Server thread/INFO]: Item Merge Radius: 2.5
[18:31:33] [Server thread/INFO]: Zombie Aggressive Towards Villager: true
[18:31:33] [Server thread/INFO]: Allow Zombie Pigmen to spawn from portal blocks: true
[18:31:33] [Server thread/INFO]: View Distance: 10
[18:31:33] [Server thread/INFO]: Arrow Despawn Rate: 1200
[18:31:33] [Server thread/INFO]: Nerfing mobs spawned from spawners: false
[18:31:33] [Server thread/INFO]: Entity Activation Range: An 32 / Mo 32 / Mi 16
[18:31:33] [Server thread/INFO]: Anti X-Ray: true
[18:31:33] [Server thread/INFO]: 	Engine Mode: 1
[18:31:33] [Server thread/INFO]: 	Hidden Blocks: [14, 15, 16, 21, 48, 49, 54, 56, 73, 74, 82, 129, 130]
[18:31:33] [Server thread/INFO]: 	Replace Blocks: [1, 5]
[18:31:33] [Server thread/INFO]: Cactus Growth Modifier: 100%
[18:31:33] [Server thread/INFO]: Cane Growth Modifier: 100%
[18:31:33] [Server thread/INFO]: Melon Growth Modifier: 100%
[18:31:33] [Server thread/INFO]: Mushroom Growth Modifier: 100%
[18:31:33] [Server thread/INFO]: Pumpkin Growth Modifier: 100%
[18:31:33] [Server thread/INFO]: Sapling Growth Modifier: 100%
[18:31:33] [Server thread/INFO]: Wheat Growth Modifier: 100%
[18:31:33] [Server thread/INFO]: NetherWart Growth Modifier: 100%
[18:31:33] [Server thread/INFO]: Entity Tracking Range: Pl 48 / An 48 / Mo 48 / Mi 32 / Other 64
[18:31:33] [Server thread/INFO]: Mob Spawn Range: 4
[18:31:33] [Server thread/INFO]: Hopper Transfer: 8 Hopper Check: 8 Hopper Amount: 1
[18:31:33] [Server thread/INFO]: Random Lighting Updates: false
[18:31:33] [Server thread/INFO]: Structure Info Saving: true
[18:31:33] [Server thread/INFO]: Tile Max Tick Time: 50ms Entity max Tick Time: 50ms
[18:31:33] [Server thread/INFO]: Sending up to 10 chunks per packet
[18:31:33] [Server thread/INFO]: Max TNT Explosions: 100
[18:31:33] [Server thread/INFO]: Custom Map Seeds:  Village: 10387312 Feature: 14357617
[18:31:33] [Server thread/INFO]: Max Entity Collisions: 8
[18:31:33] [Server thread/INFO]: Chunks to Grow per Tick: 650
[18:31:33] [Server thread/INFO]: Clear tick list: false
[18:31:33] [Server thread/INFO]: Experience Merge Radius: 3.0
[18:31:33] [Server thread/INFO]: Preparing start region for level 0 (Seed: 5348179205794378616)
[18:31:34] [Server thread/INFO]: Preparing spawn area: 4%
[18:31:35] [Server thread/INFO]: Preparing spawn area: 7%
[18:31:36] [Server thread/INFO]: Preparing spawn area: 8%
[18:31:38] [Server thread/INFO]: Preparing spawn area: 8%
[18:31:40] [Server thread/INFO]: Preparing spawn area: 10%
[18:31:41] [Server thread/INFO]: Preparing spawn area: 11%
[18:31:42] [Server thread/INFO]: Preparing spawn area: 18%
[18:31:43] [Server thread/INFO]: Preparing spawn area: 23%
[18:31:44] [Server thread/INFO]: Preparing spawn area: 30%
[18:31:46] [Server thread/INFO]: Preparing spawn area: 31%
[18:31:47] [Server thread/INFO]: Preparing spawn area: 32%
[18:31:49] [Server thread/INFO]: Preparing spawn area: 32%
[18:31:51] [Server thread/INFO]: Preparing spawn area: 35%
[18:31:54] [Server thread/INFO]: Preparing spawn area: 36%
[18:31:55] [Server thread/INFO]: Preparing spawn area: 44%
[18:31:56] [Server thread/INFO]: Preparing spawn area: 51%
[18:31:57] [Server thread/INFO]: Preparing spawn area: 61%
[18:31:58] [Server thread/INFO]: Preparing spawn area: 71%
[18:31:59] [Server thread/INFO]: Preparing spawn area: 76%
[18:32:00] [Server thread/INFO]: Preparing spawn area: 77%
[18:32:01] [Server thread/INFO]: Preparing spawn area: 81%
[18:32:02] [Server thread/INFO]: Preparing spawn area: 91%
[18:32:04] [Server thread/INFO]: Preparing spawn area: 98%
[18:32:04] [Server thread/INFO]: Preparing start region for level 1 (Seed: 5348179205794378616)
[18:32:05] [Server thread/INFO]: Preparing spawn area: 2%
[18:32:06] [Server thread/INFO]: Preparing spawn area: 6%
[18:32:07] [Server thread/INFO]: Preparing spawn area: 20%
[18:32:08] [Server thread/INFO]: Preparing spawn area: 30%
[18:32:09] [Server thread/INFO]: Preparing spawn area: 51%
[18:32:10] [Server thread/INFO]: Preparing spawn area: 59%
[18:32:11] [Server thread/INFO]: Preparing spawn area: 76%
[18:32:12] [Server thread/INFO]: Preparing spawn area: 91%
[18:32:12] [Server thread/INFO]: Preparing start region for level 2 (Seed: 5348179205794378616)
[18:32:13] [Server thread/INFO]: Preparing spawn area: 15%
[18:32:14] [Server thread/INFO]: Preparing spawn area: 30%
[18:32:15] [Server thread/INFO]: Preparing spawn area: 54%
[18:32:32] [Server thread/INFO]: Done (57.247s)! For help, type "help" or "?"
